# JRE version: OpenJDK Runtime Environment (26.0+35) (build 26+35-2893)
# Java VM: OpenJDK 64-Bit Server VM (26+35-2893, mixed mode, tiered, compressed oops, compressed class ptrs, g1 gc, windows-amd64)
GC Precious Log:
 CardTable entry size: 512
 Card Set container configuration: InlinePtr #cards 5 size 8 Array Of Cards #cards 10 size 36 Howl #buckets 4 coarsen threshold 1843 Howl Bitmap #cards 512 size 80 coarsen threshold 460 Card regions per heap region 1 cards per card region 2048
 CPUs: 16 total, 16 available
 Memory: 16095M
 Large Page Support: Disabled
 NUMA Support: Disabled
 Compressed Oops: Enabled (32-bit)
 Heap Region Size: 1M
 Heap Min Capacity: 128M
 Heap Initial Capacity: 128M
 Heap Max Capacity: 1536M
 Pre-touch: Disabled
 Parallel Workers: 13
 Concurrent Workers: 3
 Concurrent Refinement Workers: 13
 Periodic GC: Disabled
Heap:
 garbage-first heap   total reserved 1572864K, committed 153600K, used 87571K [0x00000000a0000000, 0x0000000100000000)
  region size 1M, 16 eden (16M), 5 survivor (5M), 63 old (63M), 4 humongous (4M), 62 free (62M)
GC Heap Usage History (20 events):
Event: 2291.489 {heap Before GC invocations=168 (full 0):
 garbage-first heap   total reserved 1572864K, committed 157696K, used 147215K [0x00000000a0000000, 0x0000000100000000)
  region size 1M, 76 eden (76M), 4 survivor (4M), 61 old (61M), 4 humongous (4M), 9 free (9M)
}
Event: 2291.494 {heap After GC invocations=169 (full 0):
 garbage-first heap   total reserved 1572864K, committed 157696K, used 69217K [0x00000000a0000000, 0x0000000100000000)
  region size 1M, 0 eden (0M), 4 survivor (4M), 61 old (61M), 4 humongous (4M), 85 free (85M)
}
Event: 2302.438 {heap Before GC invocations=169 (full 0):
 garbage-first heap   total reserved 1572864K, committed 157696K, used 147041K [0x00000000a0000000, 0x0000000100000000)
  region size 1M, 76 eden (76M), 4 survivor (4M), 61 old (61M), 4 humongous (4M), 9 free (9M)
}
Event: 2302.448 {heap After GC invocations=170 (full 0):
 garbage-first heap   total reserved 1572864K, committed 153600K, used 69100K [0x00000000a0000000, 0x0000000100000000)
  region size 1M, 0 eden (0M), 4 survivor (4M), 61 old (61M), 4 humongous (4M), 81 free (81M)
}
Event: 2306.445 {heap Before GC invocations=171 (full 0):
 garbage-first heap   total reserved 1572864K, committed 153600K, used 143852K [0x00000000a0000000, 0x0000000100000000)
  region size 1M, 73 eden (73M), 4 survivor (4M), 61 old (61M), 4 humongous (4M), 8 free (8M)
}
Event: 2306.451 {heap After GC invocations=172 (full 0):
 garbage-first heap   total reserved 1572864K, committed 153600K, used 70785K [0x00000000a0000000, 0x0000000100000000)
  region size 1M, 0 eden (0M), 5 survivor (5M), 61 old (61M), 4 humongous (4M), 80 free (80M)
}
Event: 2317.667 {heap Before GC invocations=172 (full 0):
 garbage-first heap   total reserved 1572864K, committed 153600K, used 144513K [0x00000000a0000000, 0x0000000100000000)
  region size 1M, 72 eden (72M), 5 survivor (5M), 61 old (61M), 4 humongous (4M), 8 free (8M)
}
Event: 2317.673 {heap After GC invocations=173 (full 0):
 garbage-first heap   total reserved 1572864K, committed 153600K, used 70931K [0x00000000a0000000, 0x0000000100000000)
  region size 1M, 0 eden (0M), 5 survivor (5M), 61 old (61M), 4 humongous (4M), 80 free (80M)
}
Event: 2349.367 {heap Before GC invocations=173 (full 0):
 garbage-first heap   total reserved 1572864K, committed 153600K, used 144659K [0x00000000a0000000, 0x0000000100000000)
  region size 1M, 72 eden (72M), 5 survivor (5M), 61 old (61M), 4 humongous (4M), 8 free (8M)
}
Event: 2349.374 {heap After GC invocations=174 (full 0):
 garbage-first heap   total reserved 1572864K, committed 153600K, used 72251K [0x00000000a0000000, 0x0000000100000000)
  region size 1M, 0 eden (0M), 7 survivor (7M), 61 old (61M), 4 humongous (4M), 78 free (78M)
}
Event: 2367.015 {heap Before GC invocations=175 (full 0):
 garbage-first heap   total reserved 1572864K, committed 153600K, used 143931K [0x00000000a0000000, 0x0000000100000000)
  region size 1M, 70 eden (70M), 7 survivor (7M), 61 old (61M), 4 humongous (4M), 8 free (8M)
}
Event: 2367.020 {heap After GC invocations=176 (full 0):
 garbage-first heap   total reserved 1572864K, committed 153600K, used 70400K [0x00000000a0000000, 0x0000000100000000)
  region size 1M, 0 eden (0M), 3 survivor (3M), 63 old (63M), 4 humongous (4M), 80 free (80M)
}
Event: 2379.317 {heap Before GC invocations=176 (full 0):
 garbage-first heap   total reserved 1572864K, committed 153600K, used 144128K [0x00000000a0000000, 0x0000000100000000)
  region size 1M, 72 eden (72M), 3 survivor (3M), 63 old (63M), 4 humongous (4M), 8 free (8M)
}
Event: 2379.324 {heap After GC invocations=177 (full 0):
 garbage-first heap   total reserved 1572864K, committed 153600K, used 70031K [0x00000000a0000000, 0x0000000100000000)
  region size 1M, 0 eden (0M), 3 survivor (3M), 63 old (63M), 4 humongous (4M), 80 free (80M)
}
Event: 2383.052 {heap Before GC invocations=177 (full 0):
 garbage-first heap   total reserved 1572864K, committed 153600K, used 143759K [0x00000000a0000000, 0x0000000100000000)
  region size 1M, 72 eden (72M), 3 survivor (3M), 63 old (63M), 4 humongous (4M), 8 free (8M)
}
Event: 2383.056 {heap After GC invocations=178 (full 0):
 garbage-first heap   total reserved 1572864K, committed 153600K, used 70153K [0x00000000a0000000, 0x0000000100000000)
  region size 1M, 0 eden (0M), 3 survivor (3M), 63 old (63M), 4 humongous (4M), 80 free (80M)
}
Event: 2386.133 {heap Before GC invocations=179 (full 0):
 garbage-first heap   total reserved 1572864K, committed 153600K, used 143881K [0x00000000a0000000, 0x0000000100000000)
  region size 1M, 72 eden (72M), 3 survivor (3M), 63 old (63M), 4 humongous (4M), 8 free (8M)
}
Event: 2386.137 {heap After GC invocations=180 (full 0):
 garbage-first heap   total reserved 1572864K, committed 153600K, used 70199K [0x00000000a0000000, 0x0000000100000000)
  region size 1M, 0 eden (0M), 3 survivor (3M), 63 old (63M), 4 humongous (4M), 80 free (80M)
}
Event: 2401.992 {heap Before GC invocations=180 (full 0):
 garbage-first heap   total reserved 1572864K, committed 153600K, used 143927K [0x00000000a0000000, 0x0000000100000000)
  region size 1M, 72 eden (72M), 3 survivor (3M), 63 old (63M), 4 humongous (4M), 8 free (8M)
}
Event: 2402.001 {heap After GC invocations=181 (full 0):
 garbage-first heap   total reserved 1572864K, committed 153600K, used 72211K [0x00000000a0000000, 0x0000000100000000)
  region size 1M, 0 eden (0M), 5 survivor (5M), 63 old (63M), 4 humongous (4M), 78 free (78M)
}

